<?xml version="1.0" encoding="UTF-8"?>
<testng-results ignored="0" total="1" passed="1" failed="0" skipped="0">
  <reporter-output>
  </reporter-output>
  <suite started-at="2024-01-17T19:37:09 IST" name="Default suite" finished-at="2024-01-17T19:37:33 IST" duration-ms="23454">
    <groups>
    </groups>
    <test started-at="2024-01-17T19:37:09 IST" name="Default test" finished-at="2024-01-17T19:37:33 IST" duration-ms="23454">
      <class name="LoginPageTest.PIMTest">
        <test-method is-config="true" signature="setup()[pri:0, instance:LoginPageTest.PIMTest@62150f9e]" started-at="2024-01-17T19:37:09 IST" name="setup" finished-at="2024-01-17T19:37:27 IST" duration-ms="17891" status="PASS">
          <reporter-output>
          </reporter-output>
        </test-method> <!-- setup -->
        <test-method signature="validateEmploySearchList()[pri:0, instance:LoginPageTest.PIMTest@62150f9e]" started-at="2024-01-17T19:37:27 IST" name="validateEmploySearchList" finished-at="2024-01-17T19:37:33 IST" duration-ms="5487" status="PASS">
          <reporter-output>
          </reporter-output>
        </test-method> <!-- validateEmploySearchList -->
      </class> <!-- LoginPageTest.PIMTest -->
    </test> <!-- Default test -->
  </suite> <!-- Default suite -->
</testng-results>
