<?xml version="1.0" encoding="UTF-8"?>
<testng-results ignored="0" total="1" passed="1" failed="0" skipped="0">
  <reporter-output>
  </reporter-output>
  <suite started-at="2024-01-17T11:16:27 IST" name="Suite" finished-at="2024-01-17T11:16:37 IST" duration-ms="10173">
    <groups>
    </groups>
    <test started-at="2024-01-17T11:16:27 IST" name="Test" finished-at="2024-01-17T11:16:37 IST" duration-ms="10173">
      <class name="LoginPageTest.LoginPageTest">
        <test-method is-config="true" signature="setup()[pri:0, instance:LoginPageTest.LoginPageTest@247310d0]" started-at="2024-01-17T11:16:27 IST" name="setup" finished-at="2024-01-17T11:16:34 IST" duration-ms="7662" status="PASS">
          <reporter-output>
          </reporter-output>
        </test-method> <!-- setup -->
        <test-method signature="validateLogin()[pri:0, instance:LoginPageTest.LoginPageTest@247310d0]" started-at="2024-01-17T11:16:34 IST" name="validateLogin" finished-at="2024-01-17T11:16:37 IST" duration-ms="2109" status="PASS">
          <reporter-output>
          </reporter-output>
        </test-method> <!-- validateLogin -->
        <test-method is-config="true" signature="browserCloser()[pri:0, instance:LoginPageTest.LoginPageTest@247310d0]" started-at="2024-01-17T11:16:37 IST" name="browserCloser" finished-at="2024-01-17T11:16:37 IST" duration-ms="335" status="PASS">
          <reporter-output>
          </reporter-output>
        </test-method> <!-- browserCloser -->
      </class> <!-- LoginPageTest.LoginPageTest -->
    </test> <!-- Test -->
  </suite> <!-- Suite -->
</testng-results>
